============================================================
Attack Type: DDoS
Timestamp: 2026-01-04_17-45-46
Target: 172.20.0.10:5000
============================================================

[17:37:03] 🔴 ATTACK INITIATED: DDoS (Distributed Denial of Service)
[17:37:03] Target: Victim Server (172.20.0.10:5000)
[17:37:03] Attack Pattern: 5 waves × 100 requests/wave
[17:37:03] Wave 1/5: Sending 100 HTTP GET requests...
[17:38:43] Wave 1 Complete: 0 successful (0.0%), 0 blocked, 100 timeout
[17:38:47] Wave 2/5: Sending 100 HTTP GET requests...
[17:40:27] Wave 2 Complete: 0 successful (0.0%), 0 blocked, 100 timeout
[17:40:31] Wave 3/5: Sending 100 HTTP GET requests...
[17:42:11] Wave 3 Complete: 0 successful (0.0%), 0 blocked, 100 timeout
[17:42:15] Wave 4/5: Sending 100 HTTP GET requests...
[17:43:55] Wave 4 Complete: 0 successful (0.0%), 0 blocked, 100 timeout
[17:43:59] Wave 5/5: Sending 100 HTTP GET requests...
[17:45:40] Wave 5 Complete: 0 successful (0.0%), 0 blocked, 100 timeout
[17:45:44] 
==================================================
[17:45:44] 📊 ATTACK SUMMARY
[17:45:44] ==================================================
[17:45:44] Total Requests: 500
[17:45:44] Successful: 0 (0.0%)
[17:45:44] Blocked by Firewall: 0
[17:45:44] Timeout: 500
[17:45:46] 
⏱️  Attack Duration: 523.18 seconds
