============================================================
Attack Type: Port_Scan
Timestamp: 2025-10-29_20-33-52
Target: :5000
============================================================

[20:33:47] 🔴 ATTACK INITIATED: Port Scan
[20:33:47] Target: Victim Server ()
[20:33:47] Scanning common ports...
[20:33:47] Scanning port 21...
[20:33:47]    ✗ Port 21 CLOSED/FILTERED
[20:33:48] Scanning port 22...
[20:33:48]    ✗ Port 22 CLOSED/FILTERED
[20:33:48] Scanning port 23...
[20:33:48]    ✗ Port 23 CLOSED/FILTERED
[20:33:49] Scanning port 25...
[20:33:49]    ✗ Port 25 CLOSED/FILTERED
[20:33:49] Scanning port 80...
[20:33:49]    ✗ Port 80 CLOSED/FILTERED
[20:33:50] Scanning port 443...
[20:33:50]    ✗ Port 443 CLOSED/FILTERED
[20:33:50] Scanning port 3306...
[20:33:50]    ✗ Port 3306 CLOSED/FILTERED
[20:33:51] Scanning port 5000...
[20:33:51]    ✗ Port 5000 CLOSED/FILTERED
[20:33:51] Scanning port 8080...
[20:33:51]    ✗ Port 8080 CLOSED/FILTERED
[20:33:52] Scanning port 8443...
[20:33:52]    ✗ Port 8443 CLOSED/FILTERED
[20:33:52] 
==================================================
[20:33:52] 📊 PORT SCAN RESULTS
[20:33:52] ==================================================
[20:33:52] Open Ports (0): []
[20:33:52] Closed Ports (10): [21, 22, 23, 25, 80, 443, 3306, 5000, 8080, 8443]
