============================================================
Attack Type: Port_Scan
Timestamp: 2026-01-04_07-58-04
Target: :5000
============================================================

[07:57:59] 🔴 ATTACK INITIATED: Port Scan
[07:57:59] Target: Victim Server ()
[07:57:59] Scanning common ports...
[07:57:59] Scanning port 21...
[07:57:59]    ✗ Port 21 CLOSED/FILTERED
[07:57:59] Scanning port 22...
[07:57:59]    ✗ Port 22 CLOSED/FILTERED
[07:58:00] Scanning port 23...
[07:58:00]    ✗ Port 23 CLOSED/FILTERED
[07:58:00] Scanning port 25...
[07:58:00]    ✗ Port 25 CLOSED/FILTERED
[07:58:01] Scanning port 80...
[07:58:01]    ✗ Port 80 CLOSED/FILTERED
[07:58:01] Scanning port 443...
[07:58:01]    ✗ Port 443 CLOSED/FILTERED
[07:58:02] Scanning port 3306...
[07:58:02]    ✗ Port 3306 CLOSED/FILTERED
[07:58:02] Scanning port 5000...
[07:58:02]    ✗ Port 5000 CLOSED/FILTERED
[07:58:03] Scanning port 8080...
[07:58:03]    ✗ Port 8080 CLOSED/FILTERED
[07:58:03] Scanning port 8443...
[07:58:03]    ✗ Port 8443 CLOSED/FILTERED
[07:58:04] 
==================================================
[07:58:04] 📊 PORT SCAN RESULTS
[07:58:04] ==================================================
[07:58:04] Open Ports (0): []
[07:58:04] Closed Ports (10): [21, 22, 23, 25, 80, 443, 3306, 5000, 8080, 8443]
