============================================================
Attack Type: Port_Scan
Timestamp: 2026-01-04_08-59-07
Target: :5000
============================================================

[08:59:02] 🔴 ATTACK INITIATED: Port Scan
[08:59:02] Target: Victim Server ()
[08:59:02] Scanning common ports...
[08:59:02] Scanning port 21...
[08:59:02]    ✗ Port 21 CLOSED/FILTERED
[08:59:03] Scanning port 22...
[08:59:03]    ✗ Port 22 CLOSED/FILTERED
[08:59:03] Scanning port 23...
[08:59:03]    ✗ Port 23 CLOSED/FILTERED
[08:59:04] Scanning port 25...
[08:59:04]    ✗ Port 25 CLOSED/FILTERED
[08:59:04] Scanning port 80...
[08:59:04]    ✗ Port 80 CLOSED/FILTERED
[08:59:05] Scanning port 443...
[08:59:05]    ✗ Port 443 CLOSED/FILTERED
[08:59:05] Scanning port 3306...
[08:59:05]    ✗ Port 3306 CLOSED/FILTERED
[08:59:06] Scanning port 5000...
[08:59:06]    ✗ Port 5000 CLOSED/FILTERED
[08:59:06] Scanning port 8080...
[08:59:06]    ✗ Port 8080 CLOSED/FILTERED
[08:59:07] Scanning port 8443...
[08:59:07]    ✗ Port 8443 CLOSED/FILTERED
[08:59:07] 
==================================================
[08:59:07] 📊 PORT SCAN RESULTS
[08:59:07] ==================================================
[08:59:07] Open Ports (0): []
[08:59:07] Closed Ports (10): [21, 22, 23, 25, 80, 443, 3306, 5000, 8080, 8443]
