============================================================
Attack Type: Port_Scan
Timestamp: 2025-10-29_20-10-34
Target: 172.20.0.10:5000
============================================================

[20:10:27] 🔴 ATTACK INITIATED: Port Scan
[20:10:27] Target: Victim Server (172.20.0.10)
[20:10:27] Scanning common ports...
[20:10:27] Scanning port 21...
[20:10:27]    ✗ Port 21 CLOSED
[20:10:28] Scanning port 22...
[20:10:28]    ✗ Port 22 CLOSED
[20:10:28] Scanning port 23...
[20:10:28]    ✗ Port 23 CLOSED
[20:10:29] Scanning port 25...
[20:10:29]    ✗ Port 25 CLOSED
[20:10:29] Scanning port 80...
[20:10:29]    ✗ Port 80 CLOSED
[20:10:30] Scanning port 443...
[20:10:30]    ✗ Port 443 CLOSED
[20:10:30] Scanning port 3306...
[20:10:30]    ✗ Port 3306 CLOSED
[20:10:31] Scanning port 5000...
[20:10:33]    ✗ Port 5000 CLOSED/FILTERED
[20:10:33] Scanning port 8080...
[20:10:33]    ✗ Port 8080 CLOSED
[20:10:34] Scanning port 8443...
[20:10:34]    ✗ Port 8443 CLOSED
[20:10:34] 
==================================================
[20:10:34] 📊 PORT SCAN RESULTS
[20:10:34] ==================================================
[20:10:34] Open Ports (0): []
[20:10:34] Closed Ports (10): [21, 22, 23, 25, 80, 443, 3306, 5000, 8080, 8443]
