============================================================
Attack Type: Port_Scan
Timestamp: 2026-01-04_07-59-09
Target: :5000
============================================================

[07:59:04] 🔴 ATTACK INITIATED: Port Scan
[07:59:04] Target: Victim Server ()
[07:59:04] Scanning common ports...
[07:59:04] Scanning port 21...
[07:59:04]    ✗ Port 21 CLOSED/FILTERED
[07:59:05] Scanning port 22...
[07:59:05]    ✗ Port 22 CLOSED/FILTERED
[07:59:05] Scanning port 23...
[07:59:05]    ✗ Port 23 CLOSED/FILTERED
[07:59:06] Scanning port 25...
[07:59:06]    ✗ Port 25 CLOSED/FILTERED
[07:59:06] Scanning port 80...
[07:59:06]    ✗ Port 80 CLOSED/FILTERED
[07:59:07] Scanning port 443...
[07:59:07]    ✗ Port 443 CLOSED/FILTERED
[07:59:07] Scanning port 3306...
[07:59:07]    ✗ Port 3306 CLOSED/FILTERED
[07:59:08] Scanning port 5000...
[07:59:08]    ✗ Port 5000 CLOSED/FILTERED
[07:59:08] Scanning port 8080...
[07:59:08]    ✗ Port 8080 CLOSED/FILTERED
[07:59:09] Scanning port 8443...
[07:59:09]    ✗ Port 8443 CLOSED/FILTERED
[07:59:09] 
==================================================
[07:59:09] 📊 PORT SCAN RESULTS
[07:59:09] ==================================================
[07:59:09] Open Ports (0): []
[07:59:09] Closed Ports (10): [21, 22, 23, 25, 80, 443, 3306, 5000, 8080, 8443]
