============================================================
Attack Type: Port_Scan
Timestamp: 2025-10-29_20-24-25
Target: :5000
============================================================

[20:24:20] 🔴 ATTACK INITIATED: Port Scan
[20:24:20] Target: Victim Server ()
[20:24:20] Scanning common ports...
[20:24:20] Scanning port 21...
[20:24:20]    ✗ Port 21 CLOSED/FILTERED
[20:24:20] Scanning port 22...
[20:24:20]    ✗ Port 22 CLOSED/FILTERED
[20:24:21] Scanning port 23...
[20:24:21]    ✗ Port 23 CLOSED/FILTERED
[20:24:21] Scanning port 25...
[20:24:21]    ✗ Port 25 CLOSED/FILTERED
[20:24:22] Scanning port 80...
[20:24:22]    ✗ Port 80 CLOSED/FILTERED
[20:24:22] Scanning port 443...
[20:24:22]    ✗ Port 443 CLOSED/FILTERED
[20:24:23] Scanning port 3306...
[20:24:23]    ✗ Port 3306 CLOSED/FILTERED
[20:24:23] Scanning port 5000...
[20:24:23]    ✗ Port 5000 CLOSED/FILTERED
[20:24:24] Scanning port 8080...
[20:24:24]    ✗ Port 8080 CLOSED/FILTERED
[20:24:24] Scanning port 8443...
[20:24:24]    ✗ Port 8443 CLOSED/FILTERED
[20:24:25] 
==================================================
[20:24:25] 📊 PORT SCAN RESULTS
[20:24:25] ==================================================
[20:24:25] Open Ports (0): []
[20:24:25] Closed Ports (10): [21, 22, 23, 25, 80, 443, 3306, 5000, 8080, 8443]
